[{"line":2,"elements":[{"start_timestamp":"2025-04-02T11:43:33.395Z","before":[{"result":{"duration":3285030700,"status":"passed"},"match":{"location":"StepDefinition.Parameterized.setup()"}}],"line":11,"name":"Login Feature with different credentials","description":"","id":"login-feature;login-feature-with-different-credentials;;2","type":"scenario","keyword":"Scenario Outline","steps":[{"result":{"duration":167358400,"status":"passed"},"line":5,"name":"User enters username as \"standard_user\" and password as \"secret_sauce\"","match":{"arguments":[{"val":"\"standard_user\"","offset":24},{"val":"\"secret_sauce\"","offset":56}],"location":"StepDefinition.Parameterized.user_enters_username_as_and_password_as(java.lang.String,java.lang.String)"},"keyword":"When "},{"result":{"duration":81254700,"status":"passed"},"line":6,"name":"User clicks the login button","match":{"location":"StepDefinition.Parameterized.user_clicks_the_login_button()"},"keyword":"And "},{"result":{"duration":29571300,"status":"passed"},"line":7,"name":"I should see \"Swag Labs\"","match":{"arguments":[{"val":"\"Swag Labs\"","offset":13}],"location":"StepDefinition.Parameterized.i_should_see(java.lang.String)"},"keyword":"Then "}],"tags":[{"name":"@LoginPage"},{"name":"@ValidCredentials"}]},{"start_timestamp":"2025-04-02T11:43:36.981Z","before":[{"result":{"duration":2532200400,"status":"passed"},"match":{"location":"StepDefinition.Parameterized.setup()"}}],"line":12,"name":"Login Feature with different credentials","description":"","id":"login-feature;login-feature-with-different-credentials;;3","type":"scenario","keyword":"Scenario Outline","steps":[{"result":{"duration":184888100,"status":"passed"},"line":5,"name":"User enters username as \"abc\" and password as \"secret_sauce\"","match":{"arguments":[{"val":"\"abc\"","offset":24},{"val":"\"secret_sauce\"","offset":46}],"location":"StepDefinition.Parameterized.user_enters_username_as_and_password_as(java.lang.String,java.lang.String)"},"keyword":"When "},{"result":{"duration":82544900,"status":"passed"},"line":6,"name":"User clicks the login button","match":{"location":"StepDefinition.Parameterized.user_clicks_the_login_button()"},"keyword":"And "},{"result":{"error_message":"org.openqa.selenium.NoSuchElementException: no such element: Unable to locate element: {\"method\":\"xpath\",\"selector\":\"//div[@class=\"app_logo\"]\"}\n  (Session info: chrome=134.0.6998.178)\nFor documentation on this error, please visit: https://www.selenium.dev/documentation/webdriver/troubleshooting/errors#no-such-element-exception\nBuild info: version: '4.30.0', revision: '509c7f17cc*'\nSystem info: os.name: 'Windows 11', os.arch: 'amd64', os.version: '10.0', java.version: '21.0.5'\nDriver info: org.openqa.selenium.chrome.ChromeDriver\nCommand: [94fc475f8c675278f8d4e3238bcbb26c, findElement {value=//div[@class=\"app_logo\"], using=xpath}]\nCapabilities {acceptInsecureCerts: false, browserName: chrome, browserVersion: 134.0.6998.178, chrome: {chromedriverVersion: 134.0.6998.165 (fd886e2cb29..., userDataDir: C:\\Users\\gayat\\AppData\\Loca...}, fedcm:accounts: true, goog:chromeOptions: {debuggerAddress: localhost:61480}, networkConnectionEnabled: false, pageLoadStrategy: normal, platformName: windows, proxy: Proxy(), se:cdp: ws://localhost:61480/devtoo..., se:cdpVersion: 134.0.6998.178, setWindowRect: true, strictFileInteractability: false, timeouts: {implicit: 0, pageLoad: 300000, script: 30000}, unhandledPromptBehavior: dismiss and notify, webauthn:extension:credBlob: true, webauthn:extension:largeBlob: true, webauthn:extension:minPinLength: true, webauthn:extension:prf: true, webauthn:virtualAuthenticators: true}\nSession ID: 94fc475f8c675278f8d4e3238bcbb26c\r\n\tat java.base/jdk.internal.reflect.DirectConstructorHandleAccessor.newInstance(DirectConstructorHandleAccessor.java:62)\r\n\tat java.base/java.lang.reflect.Constructor.newInstanceWithCaller(Constructor.java:502)\r\n\tat java.base/java.lang.reflect.Constructor.newInstance(Constructor.java:486)\r\n\tat org.openqa.selenium.remote.ErrorCodec.decode(ErrorCodec.java:167)\r\n\tat org.openqa.selenium.remote.codec.w3c.W3CHttpResponseCodec.decode(W3CHttpResponseCodec.java:138)\r\n\tat org.openqa.selenium.remote.codec.w3c.W3CHttpResponseCodec.decode(W3CHttpResponseCodec.java:50)\r\n\tat org.openqa.selenium.remote.HttpCommandExecutor.execute(HttpCommandExecutor.java:215)\r\n\tat org.openqa.selenium.remote.service.DriverCommandExecutor.invokeExecute(DriverCommandExecutor.java:216)\r\n\tat org.openqa.selenium.remote.service.DriverCommandExecutor.execute(DriverCommandExecutor.java:174)\r\n\tat org.openqa.selenium.remote.RemoteWebDriver.execute(RemoteWebDriver.java:545)\r\n\tat org.openqa.selenium.remote.ElementLocation$ElementFinder$2.findElement(ElementLocation.java:165)\r\n\tat org.openqa.selenium.remote.ElementLocation.findElement(ElementLocation.java:59)\r\n\tat org.openqa.selenium.remote.RemoteWebDriver.findElement(RemoteWebDriver.java:368)\r\n\tat org.openqa.selenium.remote.RemoteWebDriver.findElement(RemoteWebDriver.java:362)\r\n\tat StepDefinition.Parameterized.i_should_see(Parameterized.java:33)\r\n\tat ✽.I should see \"user name required\"(file:///C:/Users/gayat/git/Cucumber/saucedemo_cu/src/test/resources/features/orangeLogin.feature:7)\r\n","duration":26599700,"status":"failed"},"line":7,"name":"I should see \"user name required\"","match":{"arguments":[{"val":"\"user name required\"","offset":13}],"location":"StepDefinition.Parameterized.i_should_see(java.lang.String)"},"keyword":"Then "}],"tags":[{"name":"@LoginPage"},{"name":"@ValidCredentials"}]},{"start_timestamp":"2025-04-02T11:43:39.822Z","before":[{"result":{"duration":2769351600,"status":"passed"},"match":{"location":"StepDefinition.Parameterized.setup()"}}],"line":13,"name":"Login Feature with different credentials","description":"","id":"login-feature;login-feature-with-different-credentials;;4","type":"scenario","keyword":"Scenario Outline","steps":[{"result":{"duration":150578900,"status":"passed"},"line":5,"name":"User enters username as \"standard_user\" and password as \"abc\"","match":{"arguments":[{"val":"\"standard_user\"","offset":24},{"val":"\"abc\"","offset":56}],"location":"StepDefinition.Parameterized.user_enters_username_as_and_password_as(java.lang.String,java.lang.String)"},"keyword":"When "},{"result":{"duration":91525200,"status":"passed"},"line":6,"name":"User clicks the login button","match":{"location":"StepDefinition.Parameterized.user_clicks_the_login_button()"},"keyword":"And "},{"result":{"error_message":"org.openqa.selenium.NoSuchElementException: no such element: Unable to locate element: {\"method\":\"xpath\",\"selector\":\"//div[@class=\"app_logo\"]\"}\n  (Session info: chrome=134.0.6998.178)\nFor documentation on this error, please visit: https://www.selenium.dev/documentation/webdriver/troubleshooting/errors#no-such-element-exception\nBuild info: version: '4.30.0', revision: '509c7f17cc*'\nSystem info: os.name: 'Windows 11', os.arch: 'amd64', os.version: '10.0', java.version: '21.0.5'\nDriver info: org.openqa.selenium.chrome.ChromeDriver\nCommand: [ce3778b3dc02fcac364dd815896a6a51, findElement {value=//div[@class=\"app_logo\"], using=xpath}]\nCapabilities {acceptInsecureCerts: false, browserName: chrome, browserVersion: 134.0.6998.178, chrome: {chromedriverVersion: 134.0.6998.165 (fd886e2cb29..., userDataDir: C:\\Users\\gayat\\AppData\\Loca...}, fedcm:accounts: true, goog:chromeOptions: {debuggerAddress: localhost:61506}, networkConnectionEnabled: false, pageLoadStrategy: normal, platformName: windows, proxy: Proxy(), se:cdp: ws://localhost:61506/devtoo..., se:cdpVersion: 134.0.6998.178, setWindowRect: true, strictFileInteractability: false, timeouts: {implicit: 0, pageLoad: 300000, script: 30000}, unhandledPromptBehavior: dismiss and notify, webauthn:extension:credBlob: true, webauthn:extension:largeBlob: true, webauthn:extension:minPinLength: true, webauthn:extension:prf: true, webauthn:virtualAuthenticators: true}\nSession ID: ce3778b3dc02fcac364dd815896a6a51\r\n\tat java.base/jdk.internal.reflect.DirectConstructorHandleAccessor.newInstance(DirectConstructorHandleAccessor.java:62)\r\n\tat java.base/java.lang.reflect.Constructor.newInstanceWithCaller(Constructor.java:502)\r\n\tat java.base/java.lang.reflect.Constructor.newInstance(Constructor.java:486)\r\n\tat org.openqa.selenium.remote.ErrorCodec.decode(ErrorCodec.java:167)\r\n\tat org.openqa.selenium.remote.codec.w3c.W3CHttpResponseCodec.decode(W3CHttpResponseCodec.java:138)\r\n\tat org.openqa.selenium.remote.codec.w3c.W3CHttpResponseCodec.decode(W3CHttpResponseCodec.java:50)\r\n\tat org.openqa.selenium.remote.HttpCommandExecutor.execute(HttpCommandExecutor.java:215)\r\n\tat org.openqa.selenium.remote.service.DriverCommandExecutor.invokeExecute(DriverCommandExecutor.java:216)\r\n\tat org.openqa.selenium.remote.service.DriverCommandExecutor.execute(DriverCommandExecutor.java:174)\r\n\tat org.openqa.selenium.remote.RemoteWebDriver.execute(RemoteWebDriver.java:545)\r\n\tat org.openqa.selenium.remote.ElementLocation$ElementFinder$2.findElement(ElementLocation.java:165)\r\n\tat org.openqa.selenium.remote.ElementLocation.findElement(ElementLocation.java:59)\r\n\tat org.openqa.selenium.remote.RemoteWebDriver.findElement(RemoteWebDriver.java:368)\r\n\tat org.openqa.selenium.remote.RemoteWebDriver.findElement(RemoteWebDriver.java:362)\r\n\tat StepDefinition.Parameterized.i_should_see(Parameterized.java:33)\r\n\tat ✽.I should see \"password required\"(file:///C:/Users/gayat/git/Cucumber/saucedemo_cu/src/test/resources/features/orangeLogin.feature:7)\r\n","duration":18023000,"status":"failed"},"line":7,"name":"I should see \"password required\"","match":{"arguments":[{"val":"\"password required\"","offset":13}],"location":"StepDefinition.Parameterized.i_should_see(java.lang.String)"},"keyword":"Then "}],"tags":[{"name":"@LoginPage"},{"name":"@ValidCredentials"}]},{"start_timestamp":"2025-04-02T11:43:42.868Z","before":[{"result":{"duration":4129192300,"status":"passed"},"match":{"location":"StepDefinition.Parameterized.setup()"}}],"line":14,"name":"Login Feature with different credentials","description":"","id":"login-feature;login-feature-with-different-credentials;;5","type":"scenario","keyword":"Scenario Outline","steps":[{"result":{"duration":154519700,"status":"passed"},"line":5,"name":"User enters username as \"abc\" and password as \"abc\"","match":{"arguments":[{"val":"\"abc\"","offset":24},{"val":"\"abc\"","offset":46}],"location":"StepDefinition.Parameterized.user_enters_username_as_and_password_as(java.lang.String,java.lang.String)"},"keyword":"When "},{"result":{"duration":89453900,"status":"passed"},"line":6,"name":"User clicks the login button","match":{"location":"StepDefinition.Parameterized.user_clicks_the_login_button()"},"keyword":"And "},{"result":{"error_message":"org.openqa.selenium.NoSuchElementException: no such element: Unable to locate element: {\"method\":\"xpath\",\"selector\":\"//div[@class=\"app_logo\"]\"}\n  (Session info: chrome=134.0.6998.178)\nFor documentation on this error, please visit: https://www.selenium.dev/documentation/webdriver/troubleshooting/errors#no-such-element-exception\nBuild info: version: '4.30.0', revision: '509c7f17cc*'\nSystem info: os.name: 'Windows 11', os.arch: 'amd64', os.version: '10.0', java.version: '21.0.5'\nDriver info: org.openqa.selenium.chrome.ChromeDriver\nCommand: [1af1a215128426ae566f67de5ea4ef8d, findElement {value=//div[@class=\"app_logo\"], using=xpath}]\nCapabilities {acceptInsecureCerts: false, browserName: chrome, browserVersion: 134.0.6998.178, chrome: {chromedriverVersion: 134.0.6998.165 (fd886e2cb29..., userDataDir: C:\\Users\\gayat\\AppData\\Loca...}, fedcm:accounts: true, goog:chromeOptions: {debuggerAddress: localhost:61533}, networkConnectionEnabled: false, pageLoadStrategy: normal, platformName: windows, proxy: Proxy(), se:cdp: ws://localhost:61533/devtoo..., se:cdpVersion: 134.0.6998.178, setWindowRect: true, strictFileInteractability: false, timeouts: {implicit: 0, pageLoad: 300000, script: 30000}, unhandledPromptBehavior: dismiss and notify, webauthn:extension:credBlob: true, webauthn:extension:largeBlob: true, webauthn:extension:minPinLength: true, webauthn:extension:prf: true, webauthn:virtualAuthenticators: true}\nSession ID: 1af1a215128426ae566f67de5ea4ef8d\r\n\tat java.base/jdk.internal.reflect.DirectConstructorHandleAccessor.newInstance(DirectConstructorHandleAccessor.java:62)\r\n\tat java.base/java.lang.reflect.Constructor.newInstanceWithCaller(Constructor.java:502)\r\n\tat java.base/java.lang.reflect.Constructor.newInstance(Constructor.java:486)\r\n\tat org.openqa.selenium.remote.ErrorCodec.decode(ErrorCodec.java:167)\r\n\tat org.openqa.selenium.remote.codec.w3c.W3CHttpResponseCodec.decode(W3CHttpResponseCodec.java:138)\r\n\tat org.openqa.selenium.remote.codec.w3c.W3CHttpResponseCodec.decode(W3CHttpResponseCodec.java:50)\r\n\tat org.openqa.selenium.remote.HttpCommandExecutor.execute(HttpCommandExecutor.java:215)\r\n\tat org.openqa.selenium.remote.service.DriverCommandExecutor.invokeExecute(DriverCommandExecutor.java:216)\r\n\tat org.openqa.selenium.remote.service.DriverCommandExecutor.execute(DriverCommandExecutor.java:174)\r\n\tat org.openqa.selenium.remote.RemoteWebDriver.execute(RemoteWebDriver.java:545)\r\n\tat org.openqa.selenium.remote.ElementLocation$ElementFinder$2.findElement(ElementLocation.java:165)\r\n\tat org.openqa.selenium.remote.ElementLocation.findElement(ElementLocation.java:59)\r\n\tat org.openqa.selenium.remote.RemoteWebDriver.findElement(RemoteWebDriver.java:368)\r\n\tat org.openqa.selenium.remote.RemoteWebDriver.findElement(RemoteWebDriver.java:362)\r\n\tat StepDefinition.Parameterized.i_should_see(Parameterized.java:33)\r\n\tat ✽.I should see \"incorrect\"(file:///C:/Users/gayat/git/Cucumber/saucedemo_cu/src/test/resources/features/orangeLogin.feature:7)\r\n","duration":14859800,"status":"failed"},"line":7,"name":"I should see \"incorrect\"","match":{"arguments":[{"val":"\"incorrect\"","offset":13}],"location":"StepDefinition.Parameterized.i_should_see(java.lang.String)"},"keyword":"Then "}],"tags":[{"name":"@LoginPage"},{"name":"@ValidCredentials"}]}],"name":"Login Feature","description":"","id":"login-feature","keyword":"Feature","uri":"file:src/test/resources/features/orangeLogin.feature","tags":[{"name":"@LoginPage","type":"Tag","location":{"line":1,"column":1}}]}]